d:\xtop\xtopwork\mesh\meshview\surface-mesh-framework-main\build\surfaceframework.dir\debug\vc141.pdb
d:\xtop\xtopwork\mesh\meshview\surface-mesh-framework-main\build\surfaceframework.dir\debug\auxiliary_function_mesh.obj
d:\xtop\xtopwork\mesh\meshview\surface-mesh-framework-main\build\surfaceframework.dir\debug\surfacemeshprocessing.obj
d:\xtop\xtopwork\mesh\meshview\surface-mesh-framework-main\build\surfaceframework.dir\debug\main.obj
d:\xtop\xtopwork\mesh\meshview\surface-mesh-framework-main\build\surfaceframework.dir\debug\meshparamdialog.obj
d:\xtop\xtopwork\mesh\meshview\surface-mesh-framework-main\build\surfaceframework.dir\debug\mainviewerwidget.obj
d:\xtop\xtopwork\mesh\meshview\surface-mesh-framework-main\build\surfaceframework.dir\debug\perf.obj
d:\xtop\xtopwork\mesh\meshview\surface-mesh-framework-main\build\surfaceframework.dir\debug\kd_util.obj
d:\xtop\xtopwork\mesh\meshview\surface-mesh-framework-main\build\surfaceframework.dir\debug\kd_tree.obj
d:\xtop\xtopwork\mesh\meshview\surface-mesh-framework-main\build\surfaceframework.dir\debug\kd_split.obj
d:\xtop\xtopwork\mesh\meshview\surface-mesh-framework-main\build\surfaceframework.dir\debug\kd_search.obj
d:\xtop\xtopwork\mesh\meshview\surface-mesh-framework-main\build\surfaceframework.dir\debug\kd_pr_search.obj
d:\xtop\xtopwork\mesh\meshview\surface-mesh-framework-main\build\surfaceframework.dir\debug\kd_fix_rad_search.obj
d:\xtop\xtopwork\mesh\meshview\surface-mesh-framework-main\build\surfaceframework.dir\debug\kd_dump.obj
d:\xtop\xtopwork\mesh\meshview\surface-mesh-framework-main\build\surfaceframework.dir\debug\brute.obj
d:\xtop\xtopwork\mesh\meshview\surface-mesh-framework-main\build\surfaceframework.dir\debug\bd_tree.obj
d:\xtop\xtopwork\mesh\meshview\surface-mesh-framework-main\build\surfaceframework.dir\debug\bd_search.obj
d:\xtop\xtopwork\mesh\meshview\surface-mesh-framework-main\build\surfaceframework.dir\debug\bd_pr_search.obj
d:\xtop\xtopwork\mesh\meshview\surface-mesh-framework-main\build\surfaceframework.dir\debug\bd_fix_rad_search.obj
d:\xtop\xtopwork\mesh\meshview\surface-mesh-framework-main\build\surfaceframework.dir\debug\ann.obj
d:\xtop\xtopwork\mesh\meshview\surface-mesh-framework-main\build\surfaceframework.dir\debug\mocs_compilation_debug.obj
d:\xtop\xtopwork\mesh\meshview\surface-mesh-framework-main\build\surfaceframework.dir\debug\qrc_surfacemeshprocessing.obj
d:\xtop\xtopwork\mesh\meshview\surface-mesh-framework-main\build\surfaceframework.dir\debug\qglviewerwidget.obj
d:\xtop\xtopwork\mesh\meshview\surface-mesh-framework-main\build\surfaceframework.dir\debug\meshviewerwidget.obj
d:\xtop\xtopwork\mesh\meshview\surface-mesh-framework-main\build\surfaceframework.dir\debug\meshdefinition.obj
d:\xtop\xtopwork\mesh\meshview\surface-mesh-framework-main\build\surfaceframework.dir\debug\interactiveviewerwidget.obj
d:\xtop\xtopwork\mesh\meshview\surface-mesh-framework-main\build\surfaceframework.dir\debug\bilateral.obj
d:\xtop\xtopwork\mesh\meshview\surface-mesh-framework-main\build\qrc_surfacemeshprocessing.cpp
d:\xtop\xtopwork\mesh\meshview\surface-mesh-framework-main\build\cmakefiles\generate.stamp
d:\xtop\xtopwork\mesh\meshview\surface-mesh-framework-main\build\debug\surfaceframework.ilk
d:\xtop\xtopwork\mesh\meshview\surface-mesh-framework-main\build\debug\surfaceframework.exe
d:\xtop\xtopwork\mesh\meshview\surface-mesh-framework-main\build\debug\surfaceframework.pdb
d:\xtop\xtopwork\mesh\meshview\surface-mesh-framework-main\build\surfaceframework.dir\debug\surfaceframework.tlog\cl.command.1.tlog
d:\xtop\xtopwork\mesh\meshview\surface-mesh-framework-main\build\surfaceframework.dir\debug\surfaceframework.tlog\cl.read.1.tlog
d:\xtop\xtopwork\mesh\meshview\surface-mesh-framework-main\build\surfaceframework.dir\debug\surfaceframework.tlog\cl.write.1.tlog
d:\xtop\xtopwork\mesh\meshview\surface-mesh-framework-main\build\surfaceframework.dir\debug\surfaceframework.tlog\custombuild.command.1.tlog
d:\xtop\xtopwork\mesh\meshview\surface-mesh-framework-main\build\surfaceframework.dir\debug\surfaceframework.tlog\custombuild.read.1.tlog
d:\xtop\xtopwork\mesh\meshview\surface-mesh-framework-main\build\surfaceframework.dir\debug\surfaceframework.tlog\custombuild.write.1.tlog
d:\xtop\xtopwork\mesh\meshview\surface-mesh-framework-main\build\surfaceframework.dir\debug\surfaceframework.tlog\link.19684-cvtres.read.1.tlog
d:\xtop\xtopwork\mesh\meshview\surface-mesh-framework-main\build\surfaceframework.dir\debug\surfaceframework.tlog\link.19684-cvtres.write.1.tlog
d:\xtop\xtopwork\mesh\meshview\surface-mesh-framework-main\build\surfaceframework.dir\debug\surfaceframework.tlog\link.19684-rc.read.1.tlog
d:\xtop\xtopwork\mesh\meshview\surface-mesh-framework-main\build\surfaceframework.dir\debug\surfaceframework.tlog\link.19684-rc.write.1.tlog
d:\xtop\xtopwork\mesh\meshview\surface-mesh-framework-main\build\surfaceframework.dir\debug\surfaceframework.tlog\link.19684.read.1.tlog
d:\xtop\xtopwork\mesh\meshview\surface-mesh-framework-main\build\surfaceframework.dir\debug\surfaceframework.tlog\link.19684.write.1.tlog
d:\xtop\xtopwork\mesh\meshview\surface-mesh-framework-main\build\surfaceframework.dir\debug\surfaceframework.tlog\link.command.1.tlog
d:\xtop\xtopwork\mesh\meshview\surface-mesh-framework-main\build\surfaceframework.dir\debug\surfaceframework.tlog\link.read.1.tlog
d:\xtop\xtopwork\mesh\meshview\surface-mesh-framework-main\build\surfaceframework.dir\debug\surfaceframework.tlog\link.write.1.tlog
