  Automatic MOC and UIC for target SurfaceFramework
  surfacemeshprocessing.cpp
d:\xtop\xtopwork\mesh\meshview\surface-mesh-framework-main\src\meshviewer\MeshParamDialog.h(17): warning C4996: 'QDesktopWidget::screenGeometry': Use QGuiApplication::screens()
  d:\qt\5.13.0\msvc2017_64\include\qtwidgets\qdesktopwidget.h(79): note: 参见“QDesktopWidget::screenGeometry”的声明
d:\xtop\xtopwork\mesh\meshview\surface-mesh-framework-main\src\MeshViewer/Aux_Transform_Mesh_Dialog.h(81): warning C4305: “参数”: 从“__int64”到“int”截断
d:\xtop\xtopwork\mesh\meshview\surface-mesh-framework-main\src\MeshViewer/Aux_Transform_Mesh_Dialog.h(81): warning C4309: “参数”: 截断常量值
d:\xtop\xtopwork\mesh\meshview\surface-mesh-framework-main\src\MeshViewer/Aux_Transform_Mesh_Dialog.h(83): warning C4305: “参数”: 从“__int64”到“int”截断
d:\xtop\xtopwork\mesh\meshview\surface-mesh-framework-main\src\MeshViewer/Aux_Transform_Mesh_Dialog.h(83): warning C4309: “参数”: 截断常量值
D:\XTOP\XTOPwork\mesh\meshview\Surface-Mesh-Framework-main\src\surfacemeshprocessing.cpp(645): warning C4056: 浮点常量算术溢出
D:\XTOP\XTOPwork\mesh\meshview\Surface-Mesh-Framework-main\src\surfacemeshprocessing.cpp(655): warning C4056: 浮点常量算术溢出
D:\XTOP\XTOPwork\mesh\meshview\Surface-Mesh-Framework-main\src\surfacemeshprocessing.cpp(665): warning C4056: 浮点常量算术溢出
D:\XTOP\XTOPwork\mesh\meshview\Surface-Mesh-Framework-main\src\surfacemeshprocessing.cpp(675): warning C4056: 浮点常量算术溢出
  SurfaceFramework.vcxproj -> D:\XTOP\XTOPwork\mesh\meshview\Surface-Mesh-Framework-main\build\Debug\SurfaceFramework.exe
  D:\XTOP\XTOPwork\mesh\meshview\Surface-Mesh-Framework-main\build\Debug\SurfaceFramework.exe 64 bit, debug executable
  Adding Qt5Svg for qsvgicond.dll
  Skipping plugin qtvirtualkeyboardplugind.dll due to disabled dependencies (Qt5Qml Qt5Quick).
  Skipping plugin qtvirtualkeyboard_hanguld.dll due to disabled dependencies (Qt5Qml Qt5Quick).
  Skipping plugin qtvirtualkeyboard_openwnnd.dll due to disabled dependencies (Qt5Qml Qt5Quick).
  Skipping plugin qtvirtualkeyboard_pinyind.dll due to disabled dependencies (Qt5Qml Qt5Quick).
  Skipping plugin qtvirtualkeyboard_tcimed.dll due to disabled dependencies (Qt5Qml Qt5Quick).
  Skipping plugin qtvirtualkeyboard_thaid.dll due to disabled dependencies (Qt5Qml Qt5Quick).
  Direct dependencies: Qt5Core Qt5Gui Qt5OpenGL Qt5Widgets
  All dependencies   : Qt5Core Qt5Gui Qt5OpenGL Qt5Widgets
  To be deployed     : Qt5Core Qt5Gui Qt5OpenGL Qt5Svg Qt5Widgets
EXEC : warning : Cannot find Visual Studio installation directory, VCINSTALLDIR is not set.
  Qt5Cored.dll is up to date.
  Qt5Guid.dll is up to date.
  Qt5OpenGLd.dll is up to date.
  Qt5Svgd.dll is up to date.
  Qt5Widgetsd.dll is up to date.
  libGLESV2d.dll is up to date.
  libEGLd.dll is up to date.
  D3Dcompiler_47.dll is up to date.
  opengl32sw.dll is up to date.
  Patching Qt5Cored.dll...
  qsvgicond.dll is up to date.
  qgifd.dll is up to date.
  qicnsd.dll is up to date.
  qicod.dll is up to date.
  qjpegd.dll is up to date.
  qsvgd.dll is up to date.
  qtgad.dll is up to date.
  qtiffd.dll is up to date.
  qwbmpd.dll is up to date.
  qwebpd.dll is up to date.
  qwindowsd.dll is up to date.
  qwindowsvistastyled.dll is up to date.
  Creating qt_ar.qm...
  Creating qt_bg.qm...
  Creating qt_ca.qm...
  Creating qt_cs.qm...
  Creating qt_da.qm...
  Creating qt_de.qm...
  Creating qt_en.qm...
  Creating qt_es.qm...
  Creating qt_fi.qm...
  Creating qt_fr.qm...
  Creating qt_gd.qm...
  Creating qt_he.qm...
  Creating qt_hu.qm...
  Creating qt_it.qm...
  Creating qt_ja.qm...
  Creating qt_ko.qm...
  Creating qt_lv.qm...
  Creating qt_pl.qm...
  Creating qt_ru.qm...
  Creating qt_sk.qm...
  Creating qt_uk.qm...
  Creating qt_zh_TW.qm...
