d:\xtop\xtopwork\mesh\meshview\surface-mesh-framework-main\build\surfaceframework.dir\release\meshparamdialog.obj
d:\xtop\xtopwork\mesh\meshview\surface-mesh-framework-main\build\surfaceframework.dir\release\mainviewerwidget.obj
d:\xtop\xtopwork\mesh\meshview\surface-mesh-framework-main\build\surfaceframework.dir\release\perf.obj
d:\xtop\xtopwork\mesh\meshview\surface-mesh-framework-main\build\surfaceframework.dir\release\kd_util.obj
d:\xtop\xtopwork\mesh\meshview\surface-mesh-framework-main\build\surfaceframework.dir\release\kd_tree.obj
d:\xtop\xtopwork\mesh\meshview\surface-mesh-framework-main\build\surfaceframework.dir\release\kd_split.obj
d:\xtop\xtopwork\mesh\meshview\surface-mesh-framework-main\build\surfaceframework.dir\release\kd_search.obj
d:\xtop\xtopwork\mesh\meshview\surface-mesh-framework-main\build\surfaceframework.dir\release\kd_pr_search.obj
d:\xtop\xtopwork\mesh\meshview\surface-mesh-framework-main\build\surfaceframework.dir\release\kd_fix_rad_search.obj
d:\xtop\xtopwork\mesh\meshview\surface-mesh-framework-main\build\surfaceframework.dir\release\kd_dump.obj
d:\xtop\xtopwork\mesh\meshview\surface-mesh-framework-main\build\surfaceframework.dir\release\brute.obj
d:\xtop\xtopwork\mesh\meshview\surface-mesh-framework-main\build\surfaceframework.dir\release\bd_tree.obj
d:\xtop\xtopwork\mesh\meshview\surface-mesh-framework-main\build\surfaceframework.dir\release\bd_search.obj
d:\xtop\xtopwork\mesh\meshview\surface-mesh-framework-main\build\surfaceframework.dir\release\bd_pr_search.obj
d:\xtop\xtopwork\mesh\meshview\surface-mesh-framework-main\build\surfaceframework.dir\release\bd_fix_rad_search.obj
d:\xtop\xtopwork\mesh\meshview\surface-mesh-framework-main\build\surfaceframework.dir\release\ann.obj
d:\xtop\xtopwork\mesh\meshview\surface-mesh-framework-main\build\surfaceframework.dir\release\regmix.obj
d:\xtop\xtopwork\mesh\meshview\surface-mesh-framework-main\build\surfaceframework.dir\release\cloudfusion.obj
d:\xtop\xtopwork\mesh\meshview\surface-mesh-framework-main\build\surfaceframework.dir\release\interactiveviewerwidget.obj
d:\xtop\xtopwork\mesh\meshview\surface-mesh-framework-main\build\surfaceframework.dir\release\bilateral.obj
d:\xtop\xtopwork\mesh\meshview\surface-mesh-framework-main\build\surfaceframework.dir\release\mocs_compilation_release.obj
d:\xtop\xtopwork\mesh\meshview\surface-mesh-framework-main\build\surfaceframework.dir\release\qrc_surfacemeshprocessing.obj
d:\xtop\xtopwork\mesh\meshview\surface-mesh-framework-main\build\surfaceframework.dir\release\qglviewerwidget.obj
d:\xtop\xtopwork\mesh\meshview\surface-mesh-framework-main\build\surfaceframework.dir\release\meshviewerwidget.obj
d:\xtop\xtopwork\mesh\meshview\surface-mesh-framework-main\build\surfaceframework.dir\release\meshdefinition.obj
d:\xtop\xtopwork\mesh\meshview\surface-mesh-framework-main\build\surfaceframework.dir\release\auxiliary_function_mesh.obj
d:\xtop\xtopwork\mesh\meshview\surface-mesh-framework-main\build\surfaceframework.dir\release\surfacemeshprocessing.obj
d:\xtop\xtopwork\mesh\meshview\surface-mesh-framework-main\build\surfaceframework.dir\release\main.obj
d:\xtop\xtopwork\mesh\meshview\surface-mesh-framework-main\build\qrc_surfacemeshprocessing.cpp
d:\xtop\xtopwork\mesh\meshview\surface-mesh-framework-main\build\cmakefiles\generate.stamp
d:\xtop\xtopwork\mesh\meshview\surface-mesh-framework-main\build\release\surfaceframework.exe
d:\xtop\xtopwork\mesh\meshview\surface-mesh-framework-main\build\surfaceframework.dir\release\surfaceframework.tlog\cl.command.1.tlog
d:\xtop\xtopwork\mesh\meshview\surface-mesh-framework-main\build\surfaceframework.dir\release\surfaceframework.tlog\cl.read.1.tlog
d:\xtop\xtopwork\mesh\meshview\surface-mesh-framework-main\build\surfaceframework.dir\release\surfaceframework.tlog\cl.write.1.tlog
d:\xtop\xtopwork\mesh\meshview\surface-mesh-framework-main\build\surfaceframework.dir\release\surfaceframework.tlog\custombuild.command.1.tlog
d:\xtop\xtopwork\mesh\meshview\surface-mesh-framework-main\build\surfaceframework.dir\release\surfaceframework.tlog\custombuild.read.1.tlog
d:\xtop\xtopwork\mesh\meshview\surface-mesh-framework-main\build\surfaceframework.dir\release\surfaceframework.tlog\custombuild.write.1.tlog
d:\xtop\xtopwork\mesh\meshview\surface-mesh-framework-main\build\surfaceframework.dir\release\surfaceframework.tlog\link.command.1.tlog
d:\xtop\xtopwork\mesh\meshview\surface-mesh-framework-main\build\surfaceframework.dir\release\surfaceframework.tlog\link.read.1.tlog
d:\xtop\xtopwork\mesh\meshview\surface-mesh-framework-main\build\surfaceframework.dir\release\surfaceframework.tlog\link.write.1.tlog
