  Automatic MOC and UIC for target SurfaceFramework
  bilateral.cpp
C:\PCL 1.9.1\include\pcl-1.9\pcl/point_traits.h : warning C4819: 该文件包含不能在当前代码页(936)中表示的字符。请将该文件保存为 Unicode 格式以防止数据丢失
  InteractiveViewerWidget.cpp
C:\PCL 1.9.1\include\pcl-1.9\pcl/point_traits.h : warning C4819: 该文件包含不能在当前代码页(936)中表示的字符。请将该文件保存为 Unicode 格式以防止数据丢失
C:\PCL 1.9.1\include\pcl-1.9\pcl/sample_consensus/ransac.h : warning C4819: 该文件包含不能在当前代码页(936)中表示的字符。请将该文件保存为 Unicode 格式以防止数据丢失
C:\PCL 1.9.1\include\pcl-1.9\pcl/sample_consensus/sac_model_registration.h : warning C4819: 该文件包含不能在当前代码页(936)中表示的字符。请将该文件保存为 Unicode 格式以防止数据丢失
C:\PCL 1.9.1\include\pcl-1.9\pcl/sample_consensus/sac_model_registration.h : warning C4819: 该文件包含不能在当前代码页(936)中表示的字符。请将该文件保存为 Unicode 格式以防止数据丢失
  CloudFusion.cpp
C:\PCL 1.9.1\include\pcl-1.9\pcl/point_traits.h : warning C4819: 该文件包含不能在当前代码页(936)中表示的字符。请将该文件保存为 Unicode 格式以防止数据丢失
C:\PCL 1.9.1\include\pcl-1.9\pcl/sample_consensus/ransac.h : warning C4819: 该文件包含不能在当前代码页(936)中表示的字符。请将该文件保存为 Unicode 格式以防止数据丢失
C:\PCL 1.9.1\include\pcl-1.9\pcl/sample_consensus/sac_model_registration.h : warning C4819: 该文件包含不能在当前代码页(936)中表示的字符。请将该文件保存为 Unicode 格式以防止数据丢失
C:\PCL 1.9.1\include\pcl-1.9\pcl/sample_consensus/sac_model_registration.h : warning C4819: 该文件包含不能在当前代码页(936)中表示的字符。请将该文件保存为 Unicode 格式以防止数据丢失
  regmix.cpp
C:\PCL 1.9.1\include\pcl-1.9\pcl/point_traits.h : warning C4819: 该文件包含不能在当前代码页(936)中表示的字符。请将该文件保存为 Unicode 格式以防止数据丢失
C:\PCL 1.9.1\include\pcl-1.9\pcl/sample_consensus/ransac.h : warning C4819: 该文件包含不能在当前代码页(936)中表示的字符。请将该文件保存为 Unicode 格式以防止数据丢失
C:\PCL 1.9.1\include\pcl-1.9\pcl/sample_consensus/sac_model_registration.h : warning C4819: 该文件包含不能在当前代码页(936)中表示的字符。请将该文件保存为 Unicode 格式以防止数据丢失
C:\PCL 1.9.1\include\pcl-1.9\pcl/sample_consensus/sac_model_registration.h : warning C4819: 该文件包含不能在当前代码页(936)中表示的字符。请将该文件保存为 Unicode 格式以防止数据丢失
  ANN.cpp
  bd_fix_rad_search.cpp
  bd_pr_search.cpp
  bd_search.cpp
  bd_tree.cpp
  brute.cpp
  kd_dump.cpp
  kd_fix_rad_search.cpp
  kd_pr_search.cpp
  kd_search.cpp
  kd_split.cpp
  kd_tree.cpp
  kd_util.cpp
  perf.cpp
  MainViewerWidget.cpp
d:\xtop\xtopwork\mesh\meshview\surface-mesh-framework-main\src\meshviewer\MeshParamDialog.h(17): warning C4996: 'QDesktopWidget::screenGeometry': Use QGuiApplication::screens()
  d:\qt\5.13.0\msvc2017_64\include\qtwidgets\qdesktopwidget.h(79): note: 参见“QDesktopWidget::screenGeometry”的声明
  MeshParamDialog.cpp
d:\xtop\xtopwork\mesh\meshview\surface-mesh-framework-main\src\meshviewer\MeshParamDialog.h(17): warning C4996: 'QDesktopWidget::screenGeometry': Use QGuiApplication::screens()
  d:\qt\5.13.0\msvc2017_64\include\qtwidgets\qdesktopwidget.h(79): note: 参见“QDesktopWidget::screenGeometry”的声明
  正在生成代码...
  正在编译...
  main.cpp
  surfacemeshprocessing.cpp
d:\xtop\xtopwork\mesh\meshview\surface-mesh-framework-main\src\meshviewer\MeshParamDialog.h(17): warning C4996: 'QDesktopWidget::screenGeometry': Use QGuiApplication::screens()
  d:\qt\5.13.0\msvc2017_64\include\qtwidgets\qdesktopwidget.h(79): note: 参见“QDesktopWidget::screenGeometry”的声明
d:\xtop\xtopwork\mesh\meshview\surface-mesh-framework-main\src\MeshViewer/Aux_Transform_Mesh_Dialog.h(81): warning C4305: “参数”: 从“__int64”到“int”截断
d:\xtop\xtopwork\mesh\meshview\surface-mesh-framework-main\src\MeshViewer/Aux_Transform_Mesh_Dialog.h(81): warning C4309: “参数”: 截断常量值
d:\xtop\xtopwork\mesh\meshview\surface-mesh-framework-main\src\MeshViewer/Aux_Transform_Mesh_Dialog.h(83): warning C4305: “参数”: 从“__int64”到“int”截断
d:\xtop\xtopwork\mesh\meshview\surface-mesh-framework-main\src\MeshViewer/Aux_Transform_Mesh_Dialog.h(83): warning C4309: “参数”: 截断常量值
D:\XTOP\XTOPwork\mesh\meshview\Surface-Mesh-Framework-main\src\surfacemeshprocessing.cpp(647): warning C4056: 浮点常量算术溢出
D:\XTOP\XTOPwork\mesh\meshview\Surface-Mesh-Framework-main\src\surfacemeshprocessing.cpp(657): warning C4056: 浮点常量算术溢出
D:\XTOP\XTOPwork\mesh\meshview\Surface-Mesh-Framework-main\src\surfacemeshprocessing.cpp(667): warning C4056: 浮点常量算术溢出
D:\XTOP\XTOPwork\mesh\meshview\Surface-Mesh-Framework-main\src\surfacemeshprocessing.cpp(677): warning C4056: 浮点常量算术溢出
  Auxiliary_Function_Mesh.cpp
D:\XTOP\XTOPwork\mesh\meshview\Surface-Mesh-Framework-main\src\MeshViewer\Auxiliary_Function_Mesh.cpp(10): warning C4996: 'OpenMesh::Iterators::GenericIteratorT<OpenMesh::PolyConnectivity::This,OpenMesh::ArrayKernel::VertexHandle,OpenMesh::ArrayKernel,{&OpenMesh::ArrayKernel::has_vertex_status,0},{&OpenMesh::ArrayKernel::[thunk]: __cdecl OpenMesh::ArrayKernel::`vcall'{8,{flat}}' }',0}>::operator OpenMesh::VertexHandle': Implicit casts of iterators are unsafe. Use dereferencing operators -> and * instead.
  D:\openmesh8.1\OpenMesh 8.1\include\OpenMesh/Core/Mesh/IteratorsT.hh(136): note: 参见“OpenMesh::Iterators::GenericIteratorT<OpenMesh::PolyConnectivity::This,OpenMesh::ArrayKernel::VertexHandle,OpenMesh::ArrayKernel,{&OpenMesh::ArrayKernel::has_vertex_status,0},{&OpenMesh::ArrayKernel::[thunk]: __cdecl OpenMesh::ArrayKernel::`vcall'{8,{flat}}' }',0}>::operator OpenMesh::VertexHandle”的声明
D:\XTOP\XTOPwork\mesh\meshview\Surface-Mesh-Framework-main\src\MeshViewer\Auxiliary_Function_Mesh.cpp(16): warning C4996: 'OpenMesh::Iterators::GenericIteratorT<OpenMesh::PolyConnectivity::This,OpenMesh::ArrayKernel::FaceHandle,OpenMesh::ArrayKernel,{&OpenMesh::ArrayKernel::has_face_status,0},{&OpenMesh::ArrayKernel::[thunk]: __cdecl OpenMesh::ArrayKernel::`vcall'{32,{flat}}' }',0}>::operator OpenMesh::FaceHandle': Implicit casts of iterators are unsafe. Use dereferencing operators -> and * instead.
  D:\openmesh8.1\OpenMesh 8.1\include\OpenMesh/Core/Mesh/IteratorsT.hh(136): note: 参见“OpenMesh::Iterators::GenericIteratorT<OpenMesh::PolyConnectivity::This,OpenMesh::ArrayKernel::FaceHandle,OpenMesh::ArrayKernel,{&OpenMesh::ArrayKernel::has_face_status,0},{&OpenMesh::ArrayKernel::[thunk]: __cdecl OpenMesh::ArrayKernel::`vcall'{32,{flat}}' }',0}>::operator OpenMesh::FaceHandle”的声明
D:\XTOP\XTOPwork\mesh\meshview\Surface-Mesh-Framework-main\src\MeshViewer\Auxiliary_Function_Mesh.cpp(18): warning C4996: 'OpenMesh::Iterators::GenericCirculatorT_DEPRECATED<OpenMesh::PolyConnectivity::FaceVertexTraits>::operator bool': Do not use this error prone implicit cast. Compare to end-iterator or use is_valid(), instead.
  D:\openmesh8.1\OpenMesh 8.1\include\OpenMesh/Core/Mesh/CirculatorsT.hh(561): note: 参见“OpenMesh::Iterators::GenericCirculatorT_DEPRECATED<OpenMesh::PolyConnectivity::FaceVertexTraits>::operator bool”的声明
D:\XTOP\XTOPwork\mesh\meshview\Surface-Mesh-Framework-main\src\MeshViewer\Auxiliary_Function_Mesh.cpp(20): warning C4996: 'OpenMesh::Iterators::GenericCirculatorT_DEPRECATED<OpenMesh::PolyConnectivity::FaceVertexTraits>::operator OpenMesh::VertexHandle': Implicit casts of iterators are unsafe. Use dereferencing operators -> and * instead.
  D:\openmesh8.1\OpenMesh 8.1\include\OpenMesh/Core/Mesh/CirculatorsT.hh(582): note: 参见“OpenMesh::Iterators::GenericCirculatorT_DEPRECATED<OpenMesh::PolyConnectivity::FaceVertexTraits>::operator OpenMesh::VertexHandle”的声明
D:\XTOP\XTOPwork\mesh\meshview\Surface-Mesh-Framework-main\src\MeshViewer\Auxiliary_Function_Mesh.cpp(66): warning C4996: 'OpenMesh::Iterators::GenericIteratorT<OpenMesh::PolyConnectivity::This,OpenMesh::ArrayKernel::VertexHandle,OpenMesh::ArrayKernel,{&OpenMesh::ArrayKernel::has_vertex_status,0},{&OpenMesh::ArrayKernel::[thunk]: __cdecl OpenMesh::ArrayKernel::`vcall'{8,{flat}}' }',0}>::operator OpenMesh::VertexHandle': Implicit casts of iterators are unsafe. Use dereferencing operators -> and * instead.
  D:\openmesh8.1\OpenMesh 8.1\include\OpenMesh/Core/Mesh/IteratorsT.hh(136): note: 参见“OpenMesh::Iterators::GenericIteratorT<OpenMesh::PolyConnectivity::This,OpenMesh::ArrayKernel::VertexHandle,OpenMesh::ArrayKernel,{&OpenMesh::ArrayKernel::has_vertex_status,0},{&OpenMesh::ArrayKernel::[thunk]: __cdecl OpenMesh::ArrayKernel::`vcall'{8,{flat}}' }',0}>::operator OpenMesh::VertexHandle”的声明
D:\XTOP\XTOPwork\mesh\meshview\Surface-Mesh-Framework-main\src\MeshViewer\Auxiliary_Function_Mesh.cpp(79): warning C4996: 'OpenMesh::Iterators::GenericIteratorT<OpenMesh::PolyConnectivity::This,OpenMesh::ArrayKernel::VertexHandle,OpenMesh::ArrayKernel,{&OpenMesh::ArrayKernel::has_vertex_status,0},{&OpenMesh::ArrayKernel::[thunk]: __cdecl OpenMesh::ArrayKernel::`vcall'{8,{flat}}' }',0}>::operator OpenMesh::VertexHandle': Implicit casts of iterators are unsafe. Use dereferencing operators -> and * instead.
  D:\openmesh8.1\OpenMesh 8.1\include\OpenMesh/Core/Mesh/IteratorsT.hh(136): note: 参见“OpenMesh::Iterators::GenericIteratorT<OpenMesh::PolyConnectivity::This,OpenMesh::ArrayKernel::VertexHandle,OpenMesh::ArrayKernel,{&OpenMesh::ArrayKernel::has_vertex_status,0},{&OpenMesh::ArrayKernel::[thunk]: __cdecl OpenMesh::ArrayKernel::`vcall'{8,{flat}}' }',0}>::operator OpenMesh::VertexHandle”的声明
D:\XTOP\XTOPwork\mesh\meshview\Surface-Mesh-Framework-main\src\MeshViewer\Auxiliary_Function_Mesh.cpp(97): warning C4996: 'OpenMesh::Iterators::GenericIteratorT<OpenMesh::PolyConnectivity::This,OpenMesh::ArrayKernel::VertexHandle,OpenMesh::ArrayKernel,{&OpenMesh::ArrayKernel::has_vertex_status,0},{&OpenMesh::ArrayKernel::[thunk]: __cdecl OpenMesh::ArrayKernel::`vcall'{8,{flat}}' }',0}>::operator OpenMesh::VertexHandle': Implicit casts of iterators are unsafe. Use dereferencing operators -> and * instead.
  D:\openmesh8.1\OpenMesh 8.1\include\OpenMesh/Core/Mesh/IteratorsT.hh(136): note: 参见“OpenMesh::Iterators::GenericIteratorT<OpenMesh::PolyConnectivity::This,OpenMesh::ArrayKernel::VertexHandle,OpenMesh::ArrayKernel,{&OpenMesh::ArrayKernel::has_vertex_status,0},{&OpenMesh::ArrayKernel::[thunk]: __cdecl OpenMesh::ArrayKernel::`vcall'{8,{flat}}' }',0}>::operator OpenMesh::VertexHandle”的声明
D:\XTOP\XTOPwork\mesh\meshview\Surface-Mesh-Framework-main\src\MeshViewer\Auxiliary_Function_Mesh.cpp(105): warning C4996: 'OpenMesh::Iterators::GenericIteratorT<OpenMesh::PolyConnectivity::This,OpenMesh::ArrayKernel::FaceHandle,OpenMesh::ArrayKernel,{&OpenMesh::ArrayKernel::has_face_status,0},{&OpenMesh::ArrayKernel::[thunk]: __cdecl OpenMesh::ArrayKernel::`vcall'{32,{flat}}' }',0}>::operator OpenMesh::FaceHandle': Implicit casts of iterators are unsafe. Use dereferencing operators -> and * instead.
  D:\openmesh8.1\OpenMesh 8.1\include\OpenMesh/Core/Mesh/IteratorsT.hh(136): note: 参见“OpenMesh::Iterators::GenericIteratorT<OpenMesh::PolyConnectivity::This,OpenMesh::ArrayKernel::FaceHandle,OpenMesh::ArrayKernel,{&OpenMesh::ArrayKernel::has_face_status,0},{&OpenMesh::ArrayKernel::[thunk]: __cdecl OpenMesh::ArrayKernel::`vcall'{32,{flat}}' }',0}>::operator OpenMesh::FaceHandle”的声明
D:\XTOP\XTOPwork\mesh\meshview\Surface-Mesh-Framework-main\src\MeshViewer\Auxiliary_Function_Mesh.cpp(107): warning C4996: 'OpenMesh::Iterators::GenericCirculatorT_DEPRECATED<OpenMesh::PolyConnectivity::FaceVertexTraits>::operator bool': Do not use this error prone implicit cast. Compare to end-iterator or use is_valid(), instead.
  D:\openmesh8.1\OpenMesh 8.1\include\OpenMesh/Core/Mesh/CirculatorsT.hh(561): note: 参见“OpenMesh::Iterators::GenericCirculatorT_DEPRECATED<OpenMesh::PolyConnectivity::FaceVertexTraits>::operator bool”的声明
D:\XTOP\XTOPwork\mesh\meshview\Surface-Mesh-Framework-main\src\MeshViewer\Auxiliary_Function_Mesh.cpp(109): warning C4996: 'OpenMesh::Iterators::GenericCirculatorT_DEPRECATED<OpenMesh::PolyConnectivity::FaceVertexTraits>::operator OpenMesh::VertexHandle': Implicit casts of iterators are unsafe. Use dereferencing operators -> and * instead.
  D:\openmesh8.1\OpenMesh 8.1\include\OpenMesh/Core/Mesh/CirculatorsT.hh(582): note: 参见“OpenMesh::Iterators::GenericCirculatorT_DEPRECATED<OpenMesh::PolyConnectivity::FaceVertexTraits>::operator OpenMesh::VertexHandle”的声明
D:\XTOP\XTOPwork\mesh\meshview\Surface-Mesh-Framework-main\src\MeshViewer\Auxiliary_Function_Mesh.cpp(142): warning C4996: 'OpenMesh::Iterators::GenericIteratorT<OpenMesh::PolyConnectivity::This,OpenMesh::ArrayKernel::VertexHandle,OpenMesh::ArrayKernel,{&OpenMesh::ArrayKernel::has_vertex_status,0},{&OpenMesh::ArrayKernel::[thunk]: __cdecl OpenMesh::ArrayKernel::`vcall'{8,{flat}}' }',0}>::handle': This function clutters your code. Use dereferencing operators -> and * instead.
  D:\openmesh8.1\OpenMesh 8.1\include\OpenMesh/Core/Mesh/IteratorsT.hh(125): note: 参见“OpenMesh::Iterators::GenericIteratorT<OpenMesh::PolyConnectivity::This,OpenMesh::ArrayKernel::VertexHandle,OpenMesh::ArrayKernel,{&OpenMesh::ArrayKernel::has_vertex_status,0},{&OpenMesh::ArrayKernel::[thunk]: __cdecl OpenMesh::ArrayKernel::`vcall'{8,{flat}}' }',0}>::handle”的声明
D:\XTOP\XTOPwork\mesh\meshview\Surface-Mesh-Framework-main\src\MeshViewer\Auxiliary_Function_Mesh.cpp(146): warning C4996: 'OpenMesh::Iterators::GenericIteratorT<OpenMesh::PolyConnectivity::This,OpenMesh::ArrayKernel::VertexHandle,OpenMesh::ArrayKernel,{&OpenMesh::ArrayKernel::has_vertex_status,0},{&OpenMesh::ArrayKernel::[thunk]: __cdecl OpenMesh::ArrayKernel::`vcall'{8,{flat}}' }',0}>::handle': This function clutters your code. Use dereferencing operators -> and * instead.
  D:\openmesh8.1\OpenMesh 8.1\include\OpenMesh/Core/Mesh/IteratorsT.hh(125): note: 参见“OpenMesh::Iterators::GenericIteratorT<OpenMesh::PolyConnectivity::This,OpenMesh::ArrayKernel::VertexHandle,OpenMesh::ArrayKernel,{&OpenMesh::ArrayKernel::has_vertex_status,0},{&OpenMesh::ArrayKernel::[thunk]: __cdecl OpenMesh::ArrayKernel::`vcall'{8,{flat}}' }',0}>::handle”的声明
D:\XTOP\XTOPwork\mesh\meshview\Surface-Mesh-Framework-main\src\MeshViewer\Auxiliary_Function_Mesh.cpp(175): warning C4477: “printf”: 格式字符串“%d”需要类型“int”的参数，但可变参数 1 拥有了类型“unsigned __int64”
  D:\XTOP\XTOPwork\mesh\meshview\Surface-Mesh-Framework-main\src\MeshViewer\Auxiliary_Function_Mesh.cpp(175): note: 请考虑在格式字符串中使用“%zd”
D:\XTOP\XTOPwork\mesh\meshview\Surface-Mesh-Framework-main\src\MeshViewer\Auxiliary_Function_Mesh.cpp(170): warning C4996: 'OpenMesh::Iterators::GenericIteratorT<OpenMesh::PolyConnectivity::This,OpenMesh::ArrayKernel::VertexHandle,OpenMesh::ArrayKernel,{&OpenMesh::ArrayKernel::has_vertex_status,0},{&OpenMesh::ArrayKernel::[thunk]: __cdecl OpenMesh::ArrayKernel::`vcall'{8,{flat}}' }',0}>::operator OpenMesh::VertexHandle': Implicit casts of iterators are unsafe. Use dereferencing operators -> and * instead.
  D:\openmesh8.1\OpenMesh 8.1\include\OpenMesh/Core/Mesh/IteratorsT.hh(136): note: 参见“OpenMesh::Iterators::GenericIteratorT<OpenMesh::PolyConnectivity::This,OpenMesh::ArrayKernel::VertexHandle,OpenMesh::ArrayKernel,{&OpenMesh::ArrayKernel::has_vertex_status,0},{&OpenMesh::ArrayKernel::[thunk]: __cdecl OpenMesh::ArrayKernel::`vcall'{8,{flat}}' }',0}>::operator OpenMesh::VertexHandle”的声明
D:\XTOP\XTOPwork\mesh\meshview\Surface-Mesh-Framework-main\src\MeshViewer\Auxiliary_Function_Mesh.cpp(172): warning C4996: 'OpenMesh::Iterators::GenericIteratorT<OpenMesh::PolyConnectivity::This,OpenMesh::ArrayKernel::VertexHandle,OpenMesh::ArrayKernel,{&OpenMesh::ArrayKernel::has_vertex_status,0},{&OpenMesh::ArrayKernel::[thunk]: __cdecl OpenMesh::ArrayKernel::`vcall'{8,{flat}}' }',0}>::handle': This function clutters your code. Use dereferencing operators -> and * instead.
  D:\openmesh8.1\OpenMesh 8.1\include\OpenMesh/Core/Mesh/IteratorsT.hh(125): note: 参见“OpenMesh::Iterators::GenericIteratorT<OpenMesh::PolyConnectivity::This,OpenMesh::ArrayKernel::VertexHandle,OpenMesh::ArrayKernel,{&OpenMesh::ArrayKernel::has_vertex_status,0},{&OpenMesh::ArrayKernel::[thunk]: __cdecl OpenMesh::ArrayKernel::`vcall'{8,{flat}}' }',0}>::handle”的声明
  MeshDefinition.cpp
  MeshIO.hh was included after Mesh Type. You may ignore this warning. Please report errors resulting ifrom this order to the developers!
D:\XTOP\XTOPwork\mesh\meshview\Surface-Mesh-Framework-main\src\MeshViewer\MeshDefinition.cpp(22): warning C4996: 'OpenMesh::Iterators::GenericCirculatorT_DEPRECATED<OpenMesh::PolyConnectivity::VertexVertexTraits>::operator bool': Do not use this error prone implicit cast. Compare to end-iterator or use is_valid(), instead.
  D:\openmesh8.1\OpenMesh 8.1\include\OpenMesh/Core/Mesh/CirculatorsT.hh(561): note: 参见“OpenMesh::Iterators::GenericCirculatorT_DEPRECATED<OpenMesh::PolyConnectivity::VertexVertexTraits>::operator bool”的声明
D:\XTOP\XTOPwork\mesh\meshview\Surface-Mesh-Framework-main\src\MeshViewer\MeshDefinition.cpp(23): warning C4996: 'OpenMesh::Iterators::GenericCirculatorT_DEPRECATED<OpenMesh::PolyConnectivity::VertexVertexTraits>::handle': This function clutters your code. Use dereferencing operators -> and * instead.
  D:\openmesh8.1\OpenMesh 8.1\include\OpenMesh/Core/Mesh/CirculatorsT.hh(571): note: 参见“OpenMesh::Iterators::GenericCirculatorT_DEPRECATED<OpenMesh::PolyConnectivity::VertexVertexTraits>::handle”的声明
D:\XTOP\XTOPwork\mesh\meshview\Surface-Mesh-Framework-main\src\MeshViewer\MeshDefinition.cpp(88): warning C4267: “初始化”: 从“size_t”转换到“unsigned int”，可能丢失数据
  MeshViewerWidget.cpp
D:\XTOP\XTOPwork\mesh\meshview\Surface-Mesh-Framework-main\src\MeshViewer\MeshViewerWidget.cpp(58): warning C4996: 'OpenMesh::Iterators::GenericIteratorT<OpenMesh::PolyConnectivity::This,OpenMesh::ArrayKernel::VertexHandle,OpenMesh::ArrayKernel,{&OpenMesh::ArrayKernel::has_vertex_status,0},{&OpenMesh::ArrayKernel::[thunk]: __cdecl OpenMesh::ArrayKernel::`vcall'{8,{flat}}' }',0}>::operator OpenMesh::VertexHandle': Implicit casts of iterators are unsafe. Use dereferencing operators -> and * instead.
  D:\openmesh8.1\OpenMesh 8.1\include\OpenMesh/Core/Mesh/IteratorsT.hh(136): note: 参见“OpenMesh::Iterators::GenericIteratorT<OpenMesh::PolyConnectivity::This,OpenMesh::ArrayKernel::VertexHandle,OpenMesh::ArrayKernel,{&OpenMesh::ArrayKernel::has_vertex_status,0},{&OpenMesh::ArrayKernel::[thunk]: __cdecl OpenMesh::ArrayKernel::`vcall'{8,{flat}}' }',0}>::operator OpenMesh::VertexHandle”的声明
D:\XTOP\XTOPwork\mesh\meshview\Surface-Mesh-Framework-main\src\MeshViewer\MeshViewerWidget.cpp(63): warning C4996: 'OpenMesh::Iterators::GenericIteratorT<OpenMesh::PolyConnectivity::This,OpenMesh::ArrayKernel::VertexHandle,OpenMesh::ArrayKernel,{&OpenMesh::ArrayKernel::has_vertex_status,0},{&OpenMesh::ArrayKernel::[thunk]: __cdecl OpenMesh::ArrayKernel::`vcall'{8,{flat}}' }',0}>::operator OpenMesh::VertexHandle': Implicit casts of iterators are unsafe. Use dereferencing operators -> and * instead.
  D:\openmesh8.1\OpenMesh 8.1\include\OpenMesh/Core/Mesh/IteratorsT.hh(136): note: 参见“OpenMesh::Iterators::GenericIteratorT<OpenMesh::PolyConnectivity::This,OpenMesh::ArrayKernel::VertexHandle,OpenMesh::ArrayKernel,{&OpenMesh::ArrayKernel::has_vertex_status,0},{&OpenMesh::ArrayKernel::[thunk]: __cdecl OpenMesh::ArrayKernel::`vcall'{8,{flat}}' }',0}>::operator OpenMesh::VertexHandle”的声明
D:\XTOP\XTOPwork\mesh\meshview\Surface-Mesh-Framework-main\src\MeshViewer\MeshViewerWidget.cpp(64): warning C4996: 'OpenMesh::Iterators::GenericIteratorT<OpenMesh::PolyConnectivity::This,OpenMesh::ArrayKernel::VertexHandle,OpenMesh::ArrayKernel,{&OpenMesh::ArrayKernel::has_vertex_status,0},{&OpenMesh::ArrayKernel::[thunk]: __cdecl OpenMesh::ArrayKernel::`vcall'{8,{flat}}' }',0}>::operator OpenMesh::VertexHandle': Implicit casts of iterators are unsafe. Use dereferencing operators -> and * instead.
  D:\openmesh8.1\OpenMesh 8.1\include\OpenMesh/Core/Mesh/IteratorsT.hh(136): note: 参见“OpenMesh::Iterators::GenericIteratorT<OpenMesh::PolyConnectivity::This,OpenMesh::ArrayKernel::VertexHandle,OpenMesh::ArrayKernel,{&OpenMesh::ArrayKernel::has_vertex_status,0},{&OpenMesh::ArrayKernel::[thunk]: __cdecl OpenMesh::ArrayKernel::`vcall'{8,{flat}}' }',0}>::operator OpenMesh::VertexHandle”的声明
D:\XTOP\XTOPwork\mesh\meshview\Surface-Mesh-Framework-main\src\MeshViewer\MeshViewerWidget.cpp(69): warning C4996: 'OpenMesh::Iterators::GenericIteratorT<OpenMesh::PolyConnectivity::This,OpenMesh::ArrayKernel::EdgeHandle,OpenMesh::ArrayKernel,{&OpenMesh::ArrayKernel::has_edge_status,0},{&OpenMesh::ArrayKernel::[thunk]: __cdecl OpenMesh::ArrayKernel::`vcall'{24,{flat}}' }',0}>::operator OpenMesh::EdgeHandle': Implicit casts of iterators are unsafe. Use dereferencing operators -> and * instead.
  D:\openmesh8.1\OpenMesh 8.1\include\OpenMesh/Core/Mesh/IteratorsT.hh(136): note: 参见“OpenMesh::Iterators::GenericIteratorT<OpenMesh::PolyConnectivity::This,OpenMesh::ArrayKernel::EdgeHandle,OpenMesh::ArrayKernel,{&OpenMesh::ArrayKernel::has_edge_status,0},{&OpenMesh::ArrayKernel::[thunk]: __cdecl OpenMesh::ArrayKernel::`vcall'{24,{flat}}' }',0}>::operator OpenMesh::EdgeHandle”的声明
D:\XTOP\XTOPwork\mesh\meshview\Surface-Mesh-Framework-main\src\MeshViewer\MeshViewerWidget.cpp(73): warning C4996: 'OpenMesh::Iterators::GenericIteratorT<OpenMesh::PolyConnectivity::This,OpenMesh::ArrayKernel::EdgeHandle,OpenMesh::ArrayKernel,{&OpenMesh::ArrayKernel::has_edge_status,0},{&OpenMesh::ArrayKernel::[thunk]: __cdecl OpenMesh::ArrayKernel::`vcall'{24,{flat}}' }',0}>::operator OpenMesh::EdgeHandle': Implicit casts of iterators are unsafe. Use dereferencing operators -> and * instead.
  D:\openmesh8.1\OpenMesh 8.1\include\OpenMesh/Core/Mesh/IteratorsT.hh(136): note: 参见“OpenMesh::Iterators::GenericIteratorT<OpenMesh::PolyConnectivity::This,OpenMesh::ArrayKernel::EdgeHandle,OpenMesh::ArrayKernel,{&OpenMesh::ArrayKernel::has_edge_status,0},{&OpenMesh::ArrayKernel::[thunk]: __cdecl OpenMesh::ArrayKernel::`vcall'{24,{flat}}' }',0}>::operator OpenMesh::EdgeHandle”的声明
D:\XTOP\XTOPwork\mesh\meshview\Surface-Mesh-Framework-main\src\MeshViewer\MeshViewerWidget.cpp(180): warning C4477: “printf”: 格式字符串“%d”需要类型“int”的参数，但可变参数 1 拥有了类型“size_t”
  D:\XTOP\XTOPwork\mesh\meshview\Surface-Mesh-Framework-main\src\MeshViewer\MeshViewerWidget.cpp(180): note: 请考虑在格式字符串中使用“%zd”
D:\XTOP\XTOPwork\mesh\meshview\Surface-Mesh-Framework-main\src\MeshViewer\MeshViewerWidget.cpp(180): warning C4477: “printf”: 格式字符串“%d”需要类型“int”的参数，但可变参数 2 拥有了类型“size_t”
  D:\XTOP\XTOPwork\mesh\meshview\Surface-Mesh-Framework-main\src\MeshViewer\MeshViewerWidget.cpp(180): note: 请考虑在格式字符串中使用“%zd”
D:\XTOP\XTOPwork\mesh\meshview\Surface-Mesh-Framework-main\src\MeshViewer\MeshViewerWidget.cpp(180): warning C4477: “printf”: 格式字符串“%d”需要类型“int”的参数，但可变参数 3 拥有了类型“size_t”
  D:\XTOP\XTOPwork\mesh\meshview\Surface-Mesh-Framework-main\src\MeshViewer\MeshViewerWidget.cpp(180): note: 请考虑在格式字符串中使用“%zd”
D:\XTOP\XTOPwork\mesh\meshview\Surface-Mesh-Framework-main\src\MeshViewer\MeshViewerWidget.cpp(180): warning C4477: “printf”: 格式字符串“%d”需要类型“int”的参数，但可变参数 4 拥有了类型“size_t”
  D:\XTOP\XTOPwork\mesh\meshview\Surface-Mesh-Framework-main\src\MeshViewer\MeshViewerWidget.cpp(180): note: 请考虑在格式字符串中使用“%zd”
D:\XTOP\XTOPwork\mesh\meshview\Surface-Mesh-Framework-main\src\MeshViewer\MeshViewerWidget.cpp(307): warning C4267: “初始化”: 从“size_t”转换到“int”，可能丢失数据
D:\XTOP\XTOPwork\mesh\meshview\Surface-Mesh-Framework-main\src\MeshViewer\MeshViewerWidget.cpp(288): warning C4996: 'OpenMesh::Iterators::GenericIteratorT<OpenMesh::PolyConnectivity::This,OpenMesh::ArrayKernel::FaceHandle,OpenMesh::ArrayKernel,{&OpenMesh::ArrayKernel::has_face_status,0},{&OpenMesh::ArrayKernel::[thunk]: __cdecl OpenMesh::ArrayKernel::`vcall'{32,{flat}}' }',0}>::operator OpenMesh::FaceHandle': Implicit casts of iterators are unsafe. Use dereferencing operators -> and * instead.
  D:\openmesh8.1\OpenMesh 8.1\include\OpenMesh/Core/Mesh/IteratorsT.hh(136): note: 参见“OpenMesh::Iterators::GenericIteratorT<OpenMesh::PolyConnectivity::This,OpenMesh::ArrayKernel::FaceHandle,OpenMesh::ArrayKernel,{&OpenMesh::ArrayKernel::has_face_status,0},{&OpenMesh::ArrayKernel::[thunk]: __cdecl OpenMesh::ArrayKernel::`vcall'{32,{flat}}' }',0}>::operator OpenMesh::FaceHandle”的声明
D:\XTOP\XTOPwork\mesh\meshview\Surface-Mesh-Framework-main\src\MeshViewer\MeshViewerWidget.cpp(289): warning C4996: 'OpenMesh::Iterators::GenericCirculatorT_DEPRECATED<OpenMesh::PolyConnectivity::FaceEdgeTraits>::operator bool': Do not use this error prone implicit cast. Compare to end-iterator or use is_valid(), instead.
  D:\openmesh8.1\OpenMesh 8.1\include\OpenMesh/Core/Mesh/CirculatorsT.hh(561): note: 参见“OpenMesh::Iterators::GenericCirculatorT_DEPRECATED<OpenMesh::PolyConnectivity::FaceEdgeTraits>::operator bool”的声明
D:\XTOP\XTOPwork\mesh\meshview\Surface-Mesh-Framework-main\src\MeshViewer\MeshViewerWidget.cpp(465): warning C4996: 'OpenMesh::Iterators::GenericIteratorT<OpenMesh::PolyConnectivity::This,OpenMesh::ArrayKernel::EdgeHandle,OpenMesh::ArrayKernel,{&OpenMesh::ArrayKernel::has_edge_status,0},{&OpenMesh::ArrayKernel::[thunk]: __cdecl OpenMesh::ArrayKernel::`vcall'{24,{flat}}' }',0}>::operator OpenMesh::EdgeHandle': Implicit casts of iterators are unsafe. Use dereferencing operators -> and * instead.
  D:\openmesh8.1\OpenMesh 8.1\include\OpenMesh/Core/Mesh/IteratorsT.hh(136): note: 参见“OpenMesh::Iterators::GenericIteratorT<OpenMesh::PolyConnectivity::This,OpenMesh::ArrayKernel::EdgeHandle,OpenMesh::ArrayKernel,{&OpenMesh::ArrayKernel::has_edge_status,0},{&OpenMesh::ArrayKernel::[thunk]: __cdecl OpenMesh::ArrayKernel::`vcall'{24,{flat}}' }',0}>::operator OpenMesh::EdgeHandle”的声明
D:\XTOP\XTOPwork\mesh\meshview\Surface-Mesh-Framework-main\src\MeshViewer\MeshViewerWidget.cpp(467): warning C4996: 'OpenMesh::Iterators::GenericIteratorT<OpenMesh::PolyConnectivity::This,OpenMesh::ArrayKernel::EdgeHandle,OpenMesh::ArrayKernel,{&OpenMesh::ArrayKernel::has_edge_status,0},{&OpenMesh::ArrayKernel::[thunk]: __cdecl OpenMesh::ArrayKernel::`vcall'{24,{flat}}' }',0}>::operator OpenMesh::EdgeHandle': Implicit casts of iterators are unsafe. Use dereferencing operators -> and * instead.
  D:\openmesh8.1\OpenMesh 8.1\include\OpenMesh/Core/Mesh/IteratorsT.hh(136): note: 参见“OpenMesh::Iterators::GenericIteratorT<OpenMesh::PolyConnectivity::This,OpenMesh::ArrayKernel::EdgeHandle,OpenMesh::ArrayKernel,{&OpenMesh::ArrayKernel::has_edge_status,0},{&OpenMesh::ArrayKernel::[thunk]: __cdecl OpenMesh::ArrayKernel::`vcall'{24,{flat}}' }',0}>::operator OpenMesh::EdgeHandle”的声明
D:\XTOP\XTOPwork\mesh\meshview\Surface-Mesh-Framework-main\src\MeshViewer\MeshViewerWidget.cpp(561): warning C4996: 'OpenMesh::Iterators::GenericIteratorT<OpenMesh::PolyConnectivity::This,OpenMesh::ArrayKernel::FaceHandle,OpenMesh::ArrayKernel,{&OpenMesh::ArrayKernel::has_face_status,0},{&OpenMesh::ArrayKernel::[thunk]: __cdecl OpenMesh::ArrayKernel::`vcall'{32,{flat}}' }',0}>::operator OpenMesh::FaceHandle': Implicit casts of iterators are unsafe. Use dereferencing operators -> and * instead.
  D:\openmesh8.1\OpenMesh 8.1\include\OpenMesh/Core/Mesh/IteratorsT.hh(136): note: 参见“OpenMesh::Iterators::GenericIteratorT<OpenMesh::PolyConnectivity::This,OpenMesh::ArrayKernel::FaceHandle,OpenMesh::ArrayKernel,{&OpenMesh::ArrayKernel::has_face_status,0},{&OpenMesh::ArrayKernel::[thunk]: __cdecl OpenMesh::ArrayKernel::`vcall'{32,{flat}}' }',0}>::operator OpenMesh::FaceHandle”的声明
D:\XTOP\XTOPwork\mesh\meshview\Surface-Mesh-Framework-main\src\MeshViewer\MeshViewerWidget.cpp(563): warning C4996: 'OpenMesh::Iterators::GenericCirculatorT_DEPRECATED<OpenMesh::PolyConnectivity::FaceVertexTraits>::operator bool': Do not use this error prone implicit cast. Compare to end-iterator or use is_valid(), instead.
  D:\openmesh8.1\OpenMesh 8.1\include\OpenMesh/Core/Mesh/CirculatorsT.hh(561): note: 参见“OpenMesh::Iterators::GenericCirculatorT_DEPRECATED<OpenMesh::PolyConnectivity::FaceVertexTraits>::operator bool”的声明
D:\XTOP\XTOPwork\mesh\meshview\Surface-Mesh-Framework-main\src\MeshViewer\MeshViewerWidget.cpp(565): warning C4996: 'OpenMesh::Iterators::GenericCirculatorT_DEPRECATED<OpenMesh::PolyConnectivity::FaceVertexTraits>::operator OpenMesh::VertexHandle': Implicit casts of iterators are unsafe. Use dereferencing operators -> and * instead.
  D:\openmesh8.1\OpenMesh 8.1\include\OpenMesh/Core/Mesh/CirculatorsT.hh(582): note: 参见“OpenMesh::Iterators::GenericCirculatorT_DEPRECATED<OpenMesh::PolyConnectivity::FaceVertexTraits>::operator OpenMesh::VertexHandle”的声明
D:\XTOP\XTOPwork\mesh\meshview\Surface-Mesh-Framework-main\src\MeshViewer\MeshViewerWidget.cpp(618): warning C4996: 'OpenMesh::Iterators::GenericIteratorT<OpenMesh::PolyConnectivity::This,OpenMesh::ArrayKernel::FaceHandle,OpenMesh::ArrayKernel,{&OpenMesh::ArrayKernel::has_face_status,0},{&OpenMesh::ArrayKernel::[thunk]: __cdecl OpenMesh::ArrayKernel::`vcall'{32,{flat}}' }',0}>::operator OpenMesh::FaceHandle': Implicit casts of iterators are unsafe. Use dereferencing operators -> and * instead.
  D:\openmesh8.1\OpenMesh 8.1\include\OpenMesh/Core/Mesh/IteratorsT.hh(136): note: 参见“OpenMesh::Iterators::GenericIteratorT<OpenMesh::PolyConnectivity::This,OpenMesh::ArrayKernel::FaceHandle,OpenMesh::ArrayKernel,{&OpenMesh::ArrayKernel::has_face_status,0},{&OpenMesh::ArrayKernel::[thunk]: __cdecl OpenMesh::ArrayKernel::`vcall'{32,{flat}}' }',0}>::operator OpenMesh::FaceHandle”的声明
D:\XTOP\XTOPwork\mesh\meshview\Surface-Mesh-Framework-main\src\MeshViewer\MeshViewerWidget.cpp(619): warning C4996: 'OpenMesh::Iterators::GenericCirculatorT_DEPRECATED<OpenMesh::PolyConnectivity::FaceVertexTraits>::operator bool': Do not use this error prone implicit cast. Compare to end-iterator or use is_valid(), instead.
  D:\openmesh8.1\OpenMesh 8.1\include\OpenMesh/Core/Mesh/CirculatorsT.hh(561): note: 参见“OpenMesh::Iterators::GenericCirculatorT_DEPRECATED<OpenMesh::PolyConnectivity::FaceVertexTraits>::operator bool”的声明
D:\XTOP\XTOPwork\mesh\meshview\Surface-Mesh-Framework-main\src\MeshViewer\MeshViewerWidget.cpp(621): warning C4996: 'OpenMesh::Iterators::GenericCirculatorT_DEPRECATED<OpenMesh::PolyConnectivity::FaceVertexTraits>::operator OpenMesh::VertexHandle': Implicit casts of iterators are unsafe. Use dereferencing operators -> and * instead.
  D:\openmesh8.1\OpenMesh 8.1\include\OpenMesh/Core/Mesh/CirculatorsT.hh(582): note: 参见“OpenMesh::Iterators::GenericCirculatorT_DEPRECATED<OpenMesh::PolyConnectivity::FaceVertexTraits>::operator OpenMesh::VertexHandle”的声明
D:\XTOP\XTOPwork\mesh\meshview\Surface-Mesh-Framework-main\src\MeshViewer\MeshViewerWidget.cpp(631): warning C4996: 'OpenMesh::Iterators::GenericIteratorT<OpenMesh::PolyConnectivity::This,OpenMesh::ArrayKernel::FaceHandle,OpenMesh::ArrayKernel,{&OpenMesh::ArrayKernel::has_face_status,0},{&OpenMesh::ArrayKernel::[thunk]: __cdecl OpenMesh::ArrayKernel::`vcall'{32,{flat}}' }',0}>::operator OpenMesh::FaceHandle': Implicit casts of iterators are unsafe. Use dereferencing operators -> and * instead.
  D:\openmesh8.1\OpenMesh 8.1\include\OpenMesh/Core/Mesh/IteratorsT.hh(136): note: 参见“OpenMesh::Iterators::GenericIteratorT<OpenMesh::PolyConnectivity::This,OpenMesh::ArrayKernel::FaceHandle,OpenMesh::ArrayKernel,{&OpenMesh::ArrayKernel::has_face_status,0},{&OpenMesh::ArrayKernel::[thunk]: __cdecl OpenMesh::ArrayKernel::`vcall'{32,{flat}}' }',0}>::operator OpenMesh::FaceHandle”的声明
D:\XTOP\XTOPwork\mesh\meshview\Surface-Mesh-Framework-main\src\MeshViewer\MeshViewerWidget.cpp(632): warning C4996: 'OpenMesh::Iterators::GenericCirculatorT_DEPRECATED<OpenMesh::PolyConnectivity::FaceVertexTraits>::operator bool': Do not use this error prone implicit cast. Compare to end-iterator or use is_valid(), instead.
  D:\openmesh8.1\OpenMesh 8.1\include\OpenMesh/Core/Mesh/CirculatorsT.hh(561): note: 参见“OpenMesh::Iterators::GenericCirculatorT_DEPRECATED<OpenMesh::PolyConnectivity::FaceVertexTraits>::operator bool”的声明
D:\XTOP\XTOPwork\mesh\meshview\Surface-Mesh-Framework-main\src\MeshViewer\MeshViewerWidget.cpp(634): warning C4996: 'OpenMesh::Iterators::GenericCirculatorT_DEPRECATED<OpenMesh::PolyConnectivity::FaceVertexTraits>::operator OpenMesh::VertexHandle': Implicit casts of iterators are unsafe. Use dereferencing operators -> and * instead.
  D:\openmesh8.1\OpenMesh 8.1\include\OpenMesh/Core/Mesh/CirculatorsT.hh(582): note: 参见“OpenMesh::Iterators::GenericCirculatorT_DEPRECATED<OpenMesh::PolyConnectivity::FaceVertexTraits>::operator OpenMesh::VertexHandle”的声明
D:\XTOP\XTOPwork\mesh\meshview\Surface-Mesh-Framework-main\src\MeshViewer\MeshViewerWidget.cpp(642): warning C4996: 'OpenMesh::Iterators::GenericIteratorT<OpenMesh::PolyConnectivity::This,OpenMesh::ArrayKernel::FaceHandle,OpenMesh::ArrayKernel,{&OpenMesh::ArrayKernel::has_face_status,0},{&OpenMesh::ArrayKernel::[thunk]: __cdecl OpenMesh::ArrayKernel::`vcall'{32,{flat}}' }',0}>::operator OpenMesh::FaceHandle': Implicit casts of iterators are unsafe. Use dereferencing operators -> and * instead.
  D:\openmesh8.1\OpenMesh 8.1\include\OpenMesh/Core/Mesh/IteratorsT.hh(136): note: 参见“OpenMesh::Iterators::GenericIteratorT<OpenMesh::PolyConnectivity::This,OpenMesh::ArrayKernel::FaceHandle,OpenMesh::ArrayKernel,{&OpenMesh::ArrayKernel::has_face_status,0},{&OpenMesh::ArrayKernel::[thunk]: __cdecl OpenMesh::ArrayKernel::`vcall'{32,{flat}}' }',0}>::operator OpenMesh::FaceHandle”的声明
D:\XTOP\XTOPwork\mesh\meshview\Surface-Mesh-Framework-main\src\MeshViewer\MeshViewerWidget.cpp(644): warning C4996: 'OpenMesh::Iterators::GenericCirculatorT_DEPRECATED<OpenMesh::PolyConnectivity::FaceVertexTraits>::operator bool': Do not use this error prone implicit cast. Compare to end-iterator or use is_valid(), instead.
  D:\openmesh8.1\OpenMesh 8.1\include\OpenMesh/Core/Mesh/CirculatorsT.hh(561): note: 参见“OpenMesh::Iterators::GenericCirculatorT_DEPRECATED<OpenMesh::PolyConnectivity::FaceVertexTraits>::operator bool”的声明
D:\XTOP\XTOPwork\mesh\meshview\Surface-Mesh-Framework-main\src\MeshViewer\MeshViewerWidget.cpp(646): warning C4996: 'OpenMesh::Iterators::GenericCirculatorT_DEPRECATED<OpenMesh::PolyConnectivity::FaceVertexTraits>::operator OpenMesh::VertexHandle': Implicit casts of iterators are unsafe. Use dereferencing operators -> and * instead.
  D:\openmesh8.1\OpenMesh 8.1\include\OpenMesh/Core/Mesh/CirculatorsT.hh(582): note: 参见“OpenMesh::Iterators::GenericCirculatorT_DEPRECATED<OpenMesh::PolyConnectivity::FaceVertexTraits>::operator OpenMesh::VertexHandle”的声明
D:\XTOP\XTOPwork\mesh\meshview\Surface-Mesh-Framework-main\src\MeshViewer\MeshViewerWidget.cpp(664): warning C4996: 'OpenMesh::Iterators::GenericIteratorT<OpenMesh::PolyConnectivity::This,OpenMesh::ArrayKernel::FaceHandle,OpenMesh::ArrayKernel,{&OpenMesh::ArrayKernel::has_face_status,0},{&OpenMesh::ArrayKernel::[thunk]: __cdecl OpenMesh::ArrayKernel::`vcall'{32,{flat}}' }',0}>::operator OpenMesh::FaceHandle': Implicit casts of iterators are unsafe. Use dereferencing operators -> and * instead.
  D:\openmesh8.1\OpenMesh 8.1\include\OpenMesh/Core/Mesh/IteratorsT.hh(136): note: 参见“OpenMesh::Iterators::GenericIteratorT<OpenMesh::PolyConnectivity::This,OpenMesh::ArrayKernel::FaceHandle,OpenMesh::ArrayKernel,{&OpenMesh::ArrayKernel::has_face_status,0},{&OpenMesh::ArrayKernel::[thunk]: __cdecl OpenMesh::ArrayKernel::`vcall'{32,{flat}}' }',0}>::operator OpenMesh::FaceHandle”的声明
D:\XTOP\XTOPwork\mesh\meshview\Surface-Mesh-Framework-main\src\MeshViewer\MeshViewerWidget.cpp(665): warning C4996: 'OpenMesh::Iterators::GenericCirculatorT_DEPRECATED<OpenMesh::PolyConnectivity::FaceVertexTraits>::operator bool': Do not use this error prone implicit cast. Compare to end-iterator or use is_valid(), instead.
  D:\openmesh8.1\OpenMesh 8.1\include\OpenMesh/Core/Mesh/CirculatorsT.hh(561): note: 参见“OpenMesh::Iterators::GenericCirculatorT_DEPRECATED<OpenMesh::PolyConnectivity::FaceVertexTraits>::operator bool”的声明
D:\XTOP\XTOPwork\mesh\meshview\Surface-Mesh-Framework-main\src\MeshViewer\MeshViewerWidget.cpp(667): warning C4996: 'OpenMesh::Iterators::GenericCirculatorT_DEPRECATED<OpenMesh::PolyConnectivity::FaceVertexTraits>::operator OpenMesh::VertexHandle': Implicit casts of iterators are unsafe. Use dereferencing operators -> and * instead.
  D:\openmesh8.1\OpenMesh 8.1\include\OpenMesh/Core/Mesh/CirculatorsT.hh(582): note: 参见“OpenMesh::Iterators::GenericCirculatorT_DEPRECATED<OpenMesh::PolyConnectivity::FaceVertexTraits>::operator OpenMesh::VertexHandle”的声明
D:\XTOP\XTOPwork\mesh\meshview\Surface-Mesh-Framework-main\src\MeshViewer\MeshViewerWidget.cpp(676): warning C4996: 'OpenMesh::Iterators::GenericIteratorT<OpenMesh::PolyConnectivity::This,OpenMesh::ArrayKernel::FaceHandle,OpenMesh::ArrayKernel,{&OpenMesh::ArrayKernel::has_face_status,0},{&OpenMesh::ArrayKernel::[thunk]: __cdecl OpenMesh::ArrayKernel::`vcall'{32,{flat}}' }',0}>::operator OpenMesh::FaceHandle': Implicit casts of iterators are unsafe. Use dereferencing operators -> and * instead.
  D:\openmesh8.1\OpenMesh 8.1\include\OpenMesh/Core/Mesh/IteratorsT.hh(136): note: 参见“OpenMesh::Iterators::GenericIteratorT<OpenMesh::PolyConnectivity::This,OpenMesh::ArrayKernel::FaceHandle,OpenMesh::ArrayKernel,{&OpenMesh::ArrayKernel::has_face_status,0},{&OpenMesh::ArrayKernel::[thunk]: __cdecl OpenMesh::ArrayKernel::`vcall'{32,{flat}}' }',0}>::operator OpenMesh::FaceHandle”的声明
D:\XTOP\XTOPwork\mesh\meshview\Surface-Mesh-Framework-main\src\MeshViewer\MeshViewerWidget.cpp(677): warning C4996: 'OpenMesh::Iterators::GenericCirculatorT_DEPRECATED<OpenMesh::PolyConnectivity::FaceVertexTraits>::operator bool': Do not use this error prone implicit cast. Compare to end-iterator or use is_valid(), instead.
  D:\openmesh8.1\OpenMesh 8.1\include\OpenMesh/Core/Mesh/CirculatorsT.hh(561): note: 参见“OpenMesh::Iterators::GenericCirculatorT_DEPRECATED<OpenMesh::PolyConnectivity::FaceVertexTraits>::operator bool”的声明
D:\XTOP\XTOPwork\mesh\meshview\Surface-Mesh-Framework-main\src\MeshViewer\MeshViewerWidget.cpp(679): warning C4996: 'OpenMesh::Iterators::GenericCirculatorT_DEPRECATED<OpenMesh::PolyConnectivity::FaceVertexTraits>::operator OpenMesh::VertexHandle': Implicit casts of iterators are unsafe. Use dereferencing operators -> and * instead.
  D:\openmesh8.1\OpenMesh 8.1\include\OpenMesh/Core/Mesh/CirculatorsT.hh(582): note: 参见“OpenMesh::Iterators::GenericCirculatorT_DEPRECATED<OpenMesh::PolyConnectivity::FaceVertexTraits>::operator OpenMesh::VertexHandle”的声明
D:\XTOP\XTOPwork\mesh\meshview\Surface-Mesh-Framework-main\src\MeshViewer\MeshViewerWidget.cpp(687): warning C4996: 'OpenMesh::Iterators::GenericIteratorT<OpenMesh::PolyConnectivity::This,OpenMesh::ArrayKernel::FaceHandle,OpenMesh::ArrayKernel,{&OpenMesh::ArrayKernel::has_face_status,0},{&OpenMesh::ArrayKernel::[thunk]: __cdecl OpenMesh::ArrayKernel::`vcall'{32,{flat}}' }',0}>::operator OpenMesh::FaceHandle': Implicit casts of iterators are unsafe. Use dereferencing operators -> and * instead.
  D:\openmesh8.1\OpenMesh 8.1\include\OpenMesh/Core/Mesh/IteratorsT.hh(136): note: 参见“OpenMesh::Iterators::GenericIteratorT<OpenMesh::PolyConnectivity::This,OpenMesh::ArrayKernel::FaceHandle,OpenMesh::ArrayKernel,{&OpenMesh::ArrayKernel::has_face_status,0},{&OpenMesh::ArrayKernel::[thunk]: __cdecl OpenMesh::ArrayKernel::`vcall'{32,{flat}}' }',0}>::operator OpenMesh::FaceHandle”的声明
D:\XTOP\XTOPwork\mesh\meshview\Surface-Mesh-Framework-main\src\MeshViewer\MeshViewerWidget.cpp(689): warning C4996: 'OpenMesh::Iterators::GenericCirculatorT_DEPRECATED<OpenMesh::PolyConnectivity::FaceVertexTraits>::operator bool': Do not use this error prone implicit cast. Compare to end-iterator or use is_valid(), instead.
  D:\openmesh8.1\OpenMesh 8.1\include\OpenMesh/Core/Mesh/CirculatorsT.hh(561): note: 参见“OpenMesh::Iterators::GenericCirculatorT_DEPRECATED<OpenMesh::PolyConnectivity::FaceVertexTraits>::operator bool”的声明
D:\XTOP\XTOPwork\mesh\meshview\Surface-Mesh-Framework-main\src\MeshViewer\MeshViewerWidget.cpp(691): warning C4996: 'OpenMesh::Iterators::GenericCirculatorT_DEPRECATED<OpenMesh::PolyConnectivity::FaceVertexTraits>::operator OpenMesh::VertexHandle': Implicit casts of iterators are unsafe. Use dereferencing operators -> and * instead.
  D:\openmesh8.1\OpenMesh 8.1\include\OpenMesh/Core/Mesh/CirculatorsT.hh(582): note: 参见“OpenMesh::Iterators::GenericCirculatorT_DEPRECATED<OpenMesh::PolyConnectivity::FaceVertexTraits>::operator OpenMesh::VertexHandle”的声明
D:\XTOP\XTOPwork\mesh\meshview\Surface-Mesh-Framework-main\src\MeshViewer\MeshViewerWidget.cpp(724): warning C4996: 'OpenMesh::Iterators::GenericIteratorT<OpenMesh::PolyConnectivity::This,OpenMesh::ArrayKernel::FaceHandle,OpenMesh::ArrayKernel,{&OpenMesh::ArrayKernel::has_face_status,0},{&OpenMesh::ArrayKernel::[thunk]: __cdecl OpenMesh::ArrayKernel::`vcall'{32,{flat}}' }',0}>::operator OpenMesh::FaceHandle': Implicit casts of iterators are unsafe. Use dereferencing operators -> and * instead.
  D:\openmesh8.1\OpenMesh 8.1\include\OpenMesh/Core/Mesh/IteratorsT.hh(136): note: 参见“OpenMesh::Iterators::GenericIteratorT<OpenMesh::PolyConnectivity::This,OpenMesh::ArrayKernel::FaceHandle,OpenMesh::ArrayKernel,{&OpenMesh::ArrayKernel::has_face_status,0},{&OpenMesh::ArrayKernel::[thunk]: __cdecl OpenMesh::ArrayKernel::`vcall'{32,{flat}}' }',0}>::operator OpenMesh::FaceHandle”的声明
D:\XTOP\XTOPwork\mesh\meshview\Surface-Mesh-Framework-main\src\MeshViewer\MeshViewerWidget.cpp(725): warning C4996: 'OpenMesh::Iterators::GenericIteratorT<OpenMesh::PolyConnectivity::This,OpenMesh::ArrayKernel::FaceHandle,OpenMesh::ArrayKernel,{&OpenMesh::ArrayKernel::has_face_status,0},{&OpenMesh::ArrayKernel::[thunk]: __cdecl OpenMesh::ArrayKernel::`vcall'{32,{flat}}' }',0}>::handle': This function clutters your code. Use dereferencing operators -> and * instead.
  D:\openmesh8.1\OpenMesh 8.1\include\OpenMesh/Core/Mesh/IteratorsT.hh(125): note: 参见“OpenMesh::Iterators::GenericIteratorT<OpenMesh::PolyConnectivity::This,OpenMesh::ArrayKernel::FaceHandle,OpenMesh::ArrayKernel,{&OpenMesh::ArrayKernel::has_face_status,0},{&OpenMesh::ArrayKernel::[thunk]: __cdecl OpenMesh::ArrayKernel::`vcall'{32,{flat}}' }',0}>::handle”的声明
D:\XTOP\XTOPwork\mesh\meshview\Surface-Mesh-Framework-main\src\MeshViewer\MeshViewerWidget.cpp(726): warning C4996: 'OpenMesh::Iterators::GenericCirculatorT_DEPRECATED<OpenMesh::PolyConnectivity::FaceVertexTraits>::operator bool': Do not use this error prone implicit cast. Compare to end-iterator or use is_valid(), instead.
  D:\openmesh8.1\OpenMesh 8.1\include\OpenMesh/Core/Mesh/CirculatorsT.hh(561): note: 参见“OpenMesh::Iterators::GenericCirculatorT_DEPRECATED<OpenMesh::PolyConnectivity::FaceVertexTraits>::operator bool”的声明
D:\XTOP\XTOPwork\mesh\meshview\Surface-Mesh-Framework-main\src\MeshViewer\MeshViewerWidget.cpp(728): warning C4996: 'OpenMesh::Iterators::GenericCirculatorT_DEPRECATED<OpenMesh::PolyConnectivity::FaceVertexTraits>::operator OpenMesh::VertexHandle': Implicit casts of iterators are unsafe. Use dereferencing operators -> and * instead.
  D:\openmesh8.1\OpenMesh 8.1\include\OpenMesh/Core/Mesh/CirculatorsT.hh(582): note: 参见“OpenMesh::Iterators::GenericCirculatorT_DEPRECATED<OpenMesh::PolyConnectivity::FaceVertexTraits>::operator OpenMesh::VertexHandle”的声明
D:\XTOP\XTOPwork\mesh\meshview\Surface-Mesh-Framework-main\src\MeshViewer\MeshViewerWidget.cpp(737): warning C4996: 'OpenMesh::Iterators::GenericIteratorT<OpenMesh::PolyConnectivity::This,OpenMesh::ArrayKernel::FaceHandle,OpenMesh::ArrayKernel,{&OpenMesh::ArrayKernel::has_face_status,0},{&OpenMesh::ArrayKernel::[thunk]: __cdecl OpenMesh::ArrayKernel::`vcall'{32,{flat}}' }',0}>::operator OpenMesh::FaceHandle': Implicit casts of iterators are unsafe. Use dereferencing operators -> and * instead.
  D:\openmesh8.1\OpenMesh 8.1\include\OpenMesh/Core/Mesh/IteratorsT.hh(136): note: 参见“OpenMesh::Iterators::GenericIteratorT<OpenMesh::PolyConnectivity::This,OpenMesh::ArrayKernel::FaceHandle,OpenMesh::ArrayKernel,{&OpenMesh::ArrayKernel::has_face_status,0},{&OpenMesh::ArrayKernel::[thunk]: __cdecl OpenMesh::ArrayKernel::`vcall'{32,{flat}}' }',0}>::operator OpenMesh::FaceHandle”的声明
D:\XTOP\XTOPwork\mesh\meshview\Surface-Mesh-Framework-main\src\MeshViewer\MeshViewerWidget.cpp(738): warning C4996: 'OpenMesh::Iterators::GenericIteratorT<OpenMesh::PolyConnectivity::This,OpenMesh::ArrayKernel::FaceHandle,OpenMesh::ArrayKernel,{&OpenMesh::ArrayKernel::has_face_status,0},{&OpenMesh::ArrayKernel::[thunk]: __cdecl OpenMesh::ArrayKernel::`vcall'{32,{flat}}' }',0}>::handle': This function clutters your code. Use dereferencing operators -> and * instead.
  D:\openmesh8.1\OpenMesh 8.1\include\OpenMesh/Core/Mesh/IteratorsT.hh(125): note: 参见“OpenMesh::Iterators::GenericIteratorT<OpenMesh::PolyConnectivity::This,OpenMesh::ArrayKernel::FaceHandle,OpenMesh::ArrayKernel,{&OpenMesh::ArrayKernel::has_face_status,0},{&OpenMesh::ArrayKernel::[thunk]: __cdecl OpenMesh::ArrayKernel::`vcall'{32,{flat}}' }',0}>::handle”的声明
D:\XTOP\XTOPwork\mesh\meshview\Surface-Mesh-Framework-main\src\MeshViewer\MeshViewerWidget.cpp(739): warning C4996: 'OpenMesh::Iterators::GenericCirculatorT_DEPRECATED<OpenMesh::PolyConnectivity::FaceVertexTraits>::operator bool': Do not use this error prone implicit cast. Compare to end-iterator or use is_valid(), instead.
  D:\openmesh8.1\OpenMesh 8.1\include\OpenMesh/Core/Mesh/CirculatorsT.hh(561): note: 参见“OpenMesh::Iterators::GenericCirculatorT_DEPRECATED<OpenMesh::PolyConnectivity::FaceVertexTraits>::operator bool”的声明
D:\XTOP\XTOPwork\mesh\meshview\Surface-Mesh-Framework-main\src\MeshViewer\MeshViewerWidget.cpp(741): warning C4996: 'OpenMesh::Iterators::GenericCirculatorT_DEPRECATED<OpenMesh::PolyConnectivity::FaceVertexTraits>::operator OpenMesh::VertexHandle': Implicit casts of iterators are unsafe. Use dereferencing operators -> and * instead.
  D:\openmesh8.1\OpenMesh 8.1\include\OpenMesh/Core/Mesh/CirculatorsT.hh(582): note: 参见“OpenMesh::Iterators::GenericCirculatorT_DEPRECATED<OpenMesh::PolyConnectivity::FaceVertexTraits>::operator OpenMesh::VertexHandle”的声明
D:\XTOP\XTOPwork\mesh\meshview\Surface-Mesh-Framework-main\src\MeshViewer\MeshViewerWidget.cpp(750): warning C4996: 'OpenMesh::Iterators::GenericIteratorT<OpenMesh::PolyConnectivity::This,OpenMesh::ArrayKernel::FaceHandle,OpenMesh::ArrayKernel,{&OpenMesh::ArrayKernel::has_face_status,0},{&OpenMesh::ArrayKernel::[thunk]: __cdecl OpenMesh::ArrayKernel::`vcall'{32,{flat}}' }',0}>::operator OpenMesh::FaceHandle': Implicit casts of iterators are unsafe. Use dereferencing operators -> and * instead.
  D:\openmesh8.1\OpenMesh 8.1\include\OpenMesh/Core/Mesh/IteratorsT.hh(136): note: 参见“OpenMesh::Iterators::GenericIteratorT<OpenMesh::PolyConnectivity::This,OpenMesh::ArrayKernel::FaceHandle,OpenMesh::ArrayKernel,{&OpenMesh::ArrayKernel::has_face_status,0},{&OpenMesh::ArrayKernel::[thunk]: __cdecl OpenMesh::ArrayKernel::`vcall'{32,{flat}}' }',0}>::operator OpenMesh::FaceHandle”的声明
D:\XTOP\XTOPwork\mesh\meshview\Surface-Mesh-Framework-main\src\MeshViewer\MeshViewerWidget.cpp(751): warning C4996: 'OpenMesh::Iterators::GenericIteratorT<OpenMesh::PolyConnectivity::This,OpenMesh::ArrayKernel::FaceHandle,OpenMesh::ArrayKernel,{&OpenMesh::ArrayKernel::has_face_status,0},{&OpenMesh::ArrayKernel::[thunk]: __cdecl OpenMesh::ArrayKernel::`vcall'{32,{flat}}' }',0}>::handle': This function clutters your code. Use dereferencing operators -> and * instead.
  D:\openmesh8.1\OpenMesh 8.1\include\OpenMesh/Core/Mesh/IteratorsT.hh(125): note: 参见“OpenMesh::Iterators::GenericIteratorT<OpenMesh::PolyConnectivity::This,OpenMesh::ArrayKernel::FaceHandle,OpenMesh::ArrayKernel,{&OpenMesh::ArrayKernel::has_face_status,0},{&OpenMesh::ArrayKernel::[thunk]: __cdecl OpenMesh::ArrayKernel::`vcall'{32,{flat}}' }',0}>::handle”的声明
D:\XTOP\XTOPwork\mesh\meshview\Surface-Mesh-Framework-main\src\MeshViewer\MeshViewerWidget.cpp(752): warning C4996: 'OpenMesh::Iterators::GenericCirculatorT_DEPRECATED<OpenMesh::PolyConnectivity::FaceVertexTraits>::operator bool': Do not use this error prone implicit cast. Compare to end-iterator or use is_valid(), instead.
  D:\openmesh8.1\OpenMesh 8.1\include\OpenMesh/Core/Mesh/CirculatorsT.hh(561): note: 参见“OpenMesh::Iterators::GenericCirculatorT_DEPRECATED<OpenMesh::PolyConnectivity::FaceVertexTraits>::operator bool”的声明
D:\XTOP\XTOPwork\mesh\meshview\Surface-Mesh-Framework-main\src\MeshViewer\MeshViewerWidget.cpp(754): warning C4996: 'OpenMesh::Iterators::GenericCirculatorT_DEPRECATED<OpenMesh::PolyConnectivity::FaceVertexTraits>::operator OpenMesh::VertexHandle': Implicit casts of iterators are unsafe. Use dereferencing operators -> and * instead.
  D:\openmesh8.1\OpenMesh 8.1\include\OpenMesh/Core/Mesh/CirculatorsT.hh(582): note: 参见“OpenMesh::Iterators::GenericCirculatorT_DEPRECATED<OpenMesh::PolyConnectivity::FaceVertexTraits>::operator OpenMesh::VertexHandle”的声明
D:\XTOP\XTOPwork\mesh\meshview\Surface-Mesh-Framework-main\src\MeshViewer\MeshViewerWidget.cpp(765): warning C4267: “参数”: 从“size_t”转换到“GLuint”，可能丢失数据
D:\XTOP\XTOPwork\mesh\meshview\Surface-Mesh-Framework-main\src\MeshViewer\MeshViewerWidget.cpp(801): warning C4996: 'OpenMesh::Iterators::GenericIteratorT<OpenMesh::PolyConnectivity::This,OpenMesh::ArrayKernel::FaceHandle,OpenMesh::ArrayKernel,{&OpenMesh::ArrayKernel::has_face_status,0},{&OpenMesh::ArrayKernel::[thunk]: __cdecl OpenMesh::ArrayKernel::`vcall'{32,{flat}}' }',0}>::handle': This function clutters your code. Use dereferencing operators -> and * instead.
  D:\openmesh8.1\OpenMesh 8.1\include\OpenMesh/Core/Mesh/IteratorsT.hh(125): note: 参见“OpenMesh::Iterators::GenericIteratorT<OpenMesh::PolyConnectivity::This,OpenMesh::ArrayKernel::FaceHandle,OpenMesh::ArrayKernel,{&OpenMesh::ArrayKernel::has_face_status,0},{&OpenMesh::ArrayKernel::[thunk]: __cdecl OpenMesh::ArrayKernel::`vcall'{32,{flat}}' }',0}>::handle”的声明
D:\XTOP\XTOPwork\mesh\meshview\Surface-Mesh-Framework-main\src\MeshViewer\MeshViewerWidget.cpp(802): warning C4996: 'OpenMesh::Iterators::GenericCirculatorT_DEPRECATED<OpenMesh::PolyConnectivity::FaceVertexTraits>::operator --': The current decrement operator has the unintended behavior that it stays    valid when iterating below the start and will visit the first entity    twice before getting invalid. Furthermore it gets valid again, if you    increment at the end.    When you are sure that you don't iterate below the start anywhere in    your code or rely on this behaviour, you can disable this warning by    setting the define NO_DECREMENT_DEPRECATED_WARNINGS at the command line (or enable it via the    cmake flags).    To be save, you can use the CW/CCW circulator definitions, which behave    the same as the original ones, without the previously mentioned issues.
  D:\openmesh8.1\OpenMesh 8.1\include\OpenMesh/Core/Mesh/CirculatorsT.hh(477): note: 参见“OpenMesh::Iterators::GenericCirculatorT_DEPRECATED<OpenMesh::PolyConnectivity::FaceVertexTraits>::operator --”的声明
D:\XTOP\XTOPwork\mesh\meshview\Surface-Mesh-Framework-main\src\MeshViewer\MeshViewerWidget.cpp(804): warning C4996: 'OpenMesh::Iterators::GenericCirculatorT_DEPRECATED<OpenMesh::PolyConnectivity::FaceVertexTraits>::handle': This function clutters your code. Use dereferencing operators -> and * instead.
  D:\openmesh8.1\OpenMesh 8.1\include\OpenMesh/Core/Mesh/CirculatorsT.hh(571): note: 参见“OpenMesh::Iterators::GenericCirculatorT_DEPRECATED<OpenMesh::PolyConnectivity::FaceVertexTraits>::handle”的声明
D:\XTOP\XTOPwork\mesh\meshview\Surface-Mesh-Framework-main\src\MeshViewer\MeshViewerWidget.cpp(823): warning C4996: 'OpenMesh::Iterators::GenericIteratorT<OpenMesh::PolyConnectivity::This,OpenMesh::ArrayKernel::VertexHandle,OpenMesh::ArrayKernel,{&OpenMesh::ArrayKernel::has_vertex_status,0},{&OpenMesh::ArrayKernel::[thunk]: __cdecl OpenMesh::ArrayKernel::`vcall'{8,{flat}}' }',0}>::operator OpenMesh::VertexHandle': Implicit casts of iterators are unsafe. Use dereferencing operators -> and * instead.
  D:\openmesh8.1\OpenMesh 8.1\include\OpenMesh/Core/Mesh/IteratorsT.hh(136): note: 参见“OpenMesh::Iterators::GenericIteratorT<OpenMesh::PolyConnectivity::This,OpenMesh::ArrayKernel::VertexHandle,OpenMesh::ArrayKernel,{&OpenMesh::ArrayKernel::has_vertex_status,0},{&OpenMesh::ArrayKernel::[thunk]: __cdecl OpenMesh::ArrayKernel::`vcall'{8,{flat}}' }',0}>::operator OpenMesh::VertexHandle”的声明
  QGLViewerWidget.cpp
D:\XTOP\XTOPwork\mesh\meshview\Surface-Mesh-Framework-main\src\MeshViewer\QGLViewerWidget.cpp(71): warning C4996: 'QDesktopWidget::screenGeometry': Use QGuiApplication::screens()
  d:\qt\5.13.0\msvc2017_64\include\qtwidgets\qdesktopwidget.h(79): note: 参见“QDesktopWidget::screenGeometry”的声明
  qrc_surfacemeshprocessing.cpp
  mocs_compilation_Release.cpp
d:\xtop\xtopwork\mesh\meshview\surface-mesh-framework-main\build\surfaceframework_autogen\include_release\dp6r4dc7ge\../../../../src/MeshViewer/Aux_Transform_Mesh_Dialog.h(81): warning C4305: “参数”: 从“__int64”到“int”截断
d:\xtop\xtopwork\mesh\meshview\surface-mesh-framework-main\build\surfaceframework_autogen\include_release\dp6r4dc7ge\../../../../src/MeshViewer/Aux_Transform_Mesh_Dialog.h(81): warning C4309: “参数”: 截断常量值
d:\xtop\xtopwork\mesh\meshview\surface-mesh-framework-main\build\surfaceframework_autogen\include_release\dp6r4dc7ge\../../../../src/MeshViewer/Aux_Transform_Mesh_Dialog.h(83): warning C4305: “参数”: 从“__int64”到“int”截断
d:\xtop\xtopwork\mesh\meshview\surface-mesh-framework-main\build\surfaceframework_autogen\include_release\dp6r4dc7ge\../../../../src/MeshViewer/Aux_Transform_Mesh_Dialog.h(83): warning C4309: “参数”: 截断常量值
d:\xtop\xtopwork\mesh\meshview\surface-mesh-framework-main\src\meshviewer\MeshParamDialog.h(17): warning C4996: 'QDesktopWidget::screenGeometry': Use QGuiApplication::screens()
  d:\qt\5.13.0\msvc2017_64\include\qtwidgets\qdesktopwidget.h(79): note: 参见“QDesktopWidget::screenGeometry”的声明
  正在生成代码...
  sanjiaohuaLib.lib(Triangulation.obj) : 找到 MSIL .netmodule 或使用 /GL 编译的模块；正在使用 /LTCG 重新启动链接；将 /LTCG 添加到链接命令行以改进链接器性能
  正在生成代码
  已完成代码的生成
  SurfaceFramework.vcxproj -> D:\XTOP\XTOPwork\mesh\meshview\Surface-Mesh-Framework-main\build\Release\SurfaceFramework.exe
  D:\XTOP\XTOPwork\mesh\meshview\Surface-Mesh-Framework-main\build\Release\SurfaceFramework.exe 64 bit, release executable
  Adding Qt5Svg for qsvgicon.dll
  Skipping plugin qtvirtualkeyboardplugin.dll due to disabled dependencies (Qt5Qml Qt5Quick).
  Skipping plugin qtvirtualkeyboard_hangul.dll due to disabled dependencies (Qt5Qml Qt5Quick).
  Skipping plugin qtvirtualkeyboard_openwnn.dll due to disabled dependencies (Qt5Qml Qt5Quick).
  Skipping plugin qtvirtualkeyboard_pinyin.dll due to disabled dependencies (Qt5Qml Qt5Quick).
  Skipping plugin qtvirtualkeyboard_tcime.dll due to disabled dependencies (Qt5Qml Qt5Quick).
  Skipping plugin qtvirtualkeyboard_thai.dll due to disabled dependencies (Qt5Qml Qt5Quick).
  Direct dependencies: Qt5Core Qt5Gui Qt5OpenGL Qt5Widgets
  All dependencies   : Qt5Core Qt5Gui Qt5OpenGL Qt5Widgets
  To be deployed     : Qt5Core Qt5Gui Qt5OpenGL Qt5Svg Qt5Widgets
EXEC : warning : Cannot find Visual Studio installation directory, VCINSTALLDIR is not set.
  Qt5Core.dll is up to date.
  Qt5Gui.dll is up to date.
  Qt5OpenGL.dll is up to date.
  Qt5Svg.dll is up to date.
  Qt5Widgets.dll is up to date.
  libGLESV2.dll is up to date.
  libEGL.dll is up to date.
  D3Dcompiler_47.dll is up to date.
  opengl32sw.dll is up to date.
  Patching Qt5Core.dll...
  qsvgicon.dll is up to date.
  qgif.dll is up to date.
  qicns.dll is up to date.
  qico.dll is up to date.
  qjpeg.dll is up to date.
  qsvg.dll is up to date.
  qtga.dll is up to date.
  qtiff.dll is up to date.
  qwbmp.dll is up to date.
  qwebp.dll is up to date.
  qwindows.dll is up to date.
  qwindowsvistastyle.dll is up to date.
  Creating qt_ar.qm...
  Creating qt_bg.qm...
  Creating qt_ca.qm...
  Creating qt_cs.qm...
  Creating qt_da.qm...
  Creating qt_de.qm...
  Creating qt_en.qm...
  Creating qt_es.qm...
  Creating qt_fi.qm...
  Creating qt_fr.qm...
  Creating qt_gd.qm...
  Creating qt_he.qm...
  Creating qt_hu.qm...
  Creating qt_it.qm...
  Creating qt_ja.qm...
  Creating qt_ko.qm...
  Creating qt_lv.qm...
  Creating qt_pl.qm...
  Creating qt_ru.qm...
  Creating qt_sk.qm...
  Creating qt_uk.qm...
  Creating qt_zh_TW.qm...
